<?xml version="1.0" encoding="UTF-8"?>
<testsuite name="com.itau.escolaItauSpring.AlunoControllerTest" tests="1" skipped="0" failures="0" errors="0" timestamp="2022-09-02T15:49:40" hostname="DESKTOP-IK2LD13" time="0.085">
  <properties/>
  <testcase name="getAlunoControllerTeste()" classname="com.itau.escolaItauSpring.AlunoControllerTest" time="0.085"/>
  <system-out><![CDATA[12:49:38.819 [Test worker] DEBUG org.springframework.test.context.BootstrapUtils - Instantiating CacheAwareContextLoaderDelegate from class [org.springframework.test.context.cache.DefaultCacheAwareContextLoaderDelegate]
12:49:38.826 [Test worker] DEBUG org.springframework.test.context.BootstrapUtils - Instantiating BootstrapContext using constructor [public org.springframework.test.context.support.DefaultBootstrapContext(java.lang.Class,org.springframework.test.context.CacheAwareContextLoaderDelegate)]
12:49:38.849 [Test worker] DEBUG org.springframework.test.context.BootstrapUtils - Instantiating TestContextBootstrapper for test class [com.itau.escolaItauSpring.AlunoControllerTest] from class [org.springframework.boot.test.autoconfigure.web.servlet.WebMvcTestContextBootstrapper]
12:49:38.856 [Test worker] INFO org.springframework.boot.test.autoconfigure.web.servlet.WebMvcTestContextBootstrapper - Neither @ContextConfiguration nor @ContextHierarchy found for test class [com.itau.escolaItauSpring.AlunoControllerTest], using SpringBootContextLoader
12:49:38.859 [Test worker] DEBUG org.springframework.test.context.support.AbstractContextLoader - Did not detect default resource location for test class [com.itau.escolaItauSpring.AlunoControllerTest]: class path resource [com/itau/escolaItauSpring/AlunoControllerTest-context.xml] does not exist
12:49:38.859 [Test worker] DEBUG org.springframework.test.context.support.AbstractContextLoader - Did not detect default resource location for test class [com.itau.escolaItauSpring.AlunoControllerTest]: class path resource [com/itau/escolaItauSpring/AlunoControllerTestContext.groovy] does not exist
12:49:38.859 [Test worker] INFO org.springframework.test.context.support.AbstractContextLoader - Could not detect default resource locations for test class [com.itau.escolaItauSpring.AlunoControllerTest]: no resource found for suffixes {-context.xml, Context.groovy}.
12:49:38.859 [Test worker] INFO org.springframework.test.context.support.AnnotationConfigContextLoaderUtils - Could not detect default configuration classes for test class [com.itau.escolaItauSpring.AlunoControllerTest]: AlunoControllerTest does not declare any static, non-private, non-final, nested classes annotated with @Configuration.
12:49:38.911 [Test worker] DEBUG org.springframework.test.context.support.ActiveProfilesUtils - Could not find an 'annotation declaring class' for annotation type [org.springframework.test.context.ActiveProfiles] and class [com.itau.escolaItauSpring.AlunoControllerTest]
12:49:38.948 [Test worker] DEBUG org.springframework.context.annotation.ClassPathScanningCandidateComponentProvider - Identified candidate component class: file [C:\projeto\testeshugo\springEscola\build\classes\java\main\com\itau\escolaItauSpring\EscolaItauSpringApplication.class]
12:49:38.948 [Test worker] INFO org.springframework.boot.test.context.SpringBootTestContextBootstrapper - Found @SpringBootConfiguration com.itau.escolaItauSpring.EscolaItauSpringApplication for test class com.itau.escolaItauSpring.AlunoControllerTest
12:49:38.951 [Test worker] DEBUG org.springframework.boot.test.autoconfigure.web.servlet.WebMvcTestContextBootstrapper - @TestExecutionListeners is not present for class [com.itau.escolaItauSpring.AlunoControllerTest]: using defaults.
12:49:38.952 [Test worker] INFO org.springframework.boot.test.autoconfigure.web.servlet.WebMvcTestContextBootstrapper - Loaded default TestExecutionListener class names from location [META-INF/spring.factories]: [org.springframework.boot.test.autoconfigure.restdocs.RestDocsTestExecutionListener, org.springframework.boot.test.autoconfigure.web.client.MockRestServiceServerResetTestExecutionListener, org.springframework.boot.test.autoconfigure.web.servlet.MockMvcPrintOnlyOnFailureTestExecutionListener, org.springframework.boot.test.autoconfigure.web.servlet.WebDriverTestExecutionListener, org.springframework.boot.test.autoconfigure.webservices.client.MockWebServiceServerTestExecutionListener, org.springframework.boot.test.mock.mockito.MockitoTestExecutionListener, org.springframework.boot.test.mock.mockito.ResetMocksTestExecutionListener, org.springframework.test.context.web.ServletTestExecutionListener, org.springframework.test.context.support.DirtiesContextBeforeModesTestExecutionListener, org.springframework.test.context.event.ApplicationEventsTestExecutionListener, org.springframework.test.context.support.DependencyInjectionTestExecutionListener, org.springframework.test.context.support.DirtiesContextTestExecutionListener, org.springframework.test.context.transaction.TransactionalTestExecutionListener, org.springframework.test.context.jdbc.SqlScriptsTestExecutionListener, org.springframework.test.context.event.EventPublishingTestExecutionListener]
12:49:38.966 [Test worker] INFO org.springframework.boot.test.autoconfigure.web.servlet.WebMvcTestContextBootstrapper - Using TestExecutionListeners: [org.springframework.test.context.web.ServletTestExecutionListener@7be58f16, org.springframework.test.context.support.DirtiesContextBeforeModesTestExecutionListener@242aa8d9, org.springframework.test.context.event.ApplicationEventsTestExecutionListener@5b11a194, org.springframework.boot.test.mock.mockito.MockitoTestExecutionListener@37bd68c3, org.springframework.boot.test.autoconfigure.SpringBootDependencyInjectionTestExecutionListener@60f7cc1d, org.springframework.test.context.support.DirtiesContextTestExecutionListener@11eadcba, org.springframework.test.context.transaction.TransactionalTestExecutionListener@4721d212, org.springframework.test.context.jdbc.SqlScriptsTestExecutionListener@1b065145, org.springframework.test.context.event.EventPublishingTestExecutionListener@45cff11c, org.springframework.boot.test.autoconfigure.restdocs.RestDocsTestExecutionListener@207ea13, org.springframework.boot.test.autoconfigure.web.client.MockRestServiceServerResetTestExecutionListener@4bff1903, org.springframework.boot.test.autoconfigure.web.servlet.MockMvcPrintOnlyOnFailureTestExecutionListener@62dae540, org.springframework.boot.test.autoconfigure.web.servlet.WebDriverTestExecutionListener@5827af16, org.springframework.boot.test.autoconfigure.webservices.client.MockWebServiceServerTestExecutionListener@654d8173, org.springframework.boot.test.mock.mockito.ResetMocksTestExecutionListener@56c9bbd8]
12:49:38.969 [Test worker] DEBUG org.springframework.test.context.support.AbstractDirtiesContextTestExecutionListener - Before test class: context [DefaultTestContext@3c435123 testClass = AlunoControllerTest, testInstance = [null], testMethod = [null], testException = [null], mergedContextConfiguration = [WebMergedContextConfiguration@50fe837a testClass = AlunoControllerTest, locations = '{}', classes = '{class com.itau.escolaItauSpring.EscolaItauSpringApplication}', contextInitializerClasses = '[]', activeProfiles = '{}', propertySourceLocations = '{}', propertySourceProperties = '{org.springframework.boot.test.autoconfigure.web.servlet.WebMvcTestContextBootstrapper=true}', contextCustomizers = set[org.springframework.boot.test.autoconfigure.OverrideAutoConfigurationContextCustomizerFactory$DisableAutoConfigurationContextCustomizer@39fcbef6, org.springframework.boot.test.autoconfigure.actuate.metrics.MetricsExportContextCustomizerFactory$DisableMetricExportContextCustomizer@35f26e72, org.springframework.boot.test.autoconfigure.filter.TypeExcludeFiltersContextCustomizer@af95d3c2, org.springframework.boot.test.autoconfigure.properties.PropertyMappingContextCustomizer@f04f9ec3, org.springframework.boot.test.autoconfigure.web.servlet.WebDriverContextCustomizerFactory$Customizer@1338fb5, [ImportsContextCustomizer@3a62c01e key = [org.springframework.boot.autoconfigure.cache.CacheAutoConfiguration, org.springframework.boot.autoconfigure.context.MessageSourceAutoConfiguration, org.springframework.boot.autoconfigure.data.web.SpringDataWebAutoConfiguration, org.springframework.boot.autoconfigure.freemarker.FreeMarkerAutoConfiguration, org.springframework.boot.autoconfigure.groovy.template.GroovyTemplateAutoConfiguration, org.springframework.boot.autoconfigure.gson.GsonAutoConfiguration, org.springframework.boot.autoconfigure.hateoas.HypermediaAutoConfiguration, org.springframework.boot.autoconfigure.http.HttpMessageConvertersAutoConfiguration, org.springframework.boot.autoconfigure.jackson.JacksonAutoConfiguration, org.springframework.boot.autoconfigure.jsonb.JsonbAutoConfiguration, org.springframework.boot.autoconfigure.mustache.MustacheAutoConfiguration, org.springframework.boot.autoconfigure.task.TaskExecutionAutoConfiguration, org.springframework.boot.autoconfigure.thymeleaf.ThymeleafAutoConfiguration, org.springframework.boot.autoconfigure.validation.ValidationAutoConfiguration, org.springframework.boot.autoconfigure.web.servlet.error.ErrorMvcAutoConfiguration, org.springframework.boot.autoconfigure.web.servlet.HttpEncodingAutoConfiguration, org.springframework.boot.autoconfigure.web.servlet.WebMvcAutoConfiguration, org.springframework.boot.test.autoconfigure.web.servlet.MockMvcAutoConfiguration, org.springframework.boot.test.autoconfigure.web.servlet.MockMvcWebClientAutoConfiguration, org.springframework.boot.test.autoconfigure.web.servlet.MockMvcWebDriverAutoConfiguration, org.springframework.boot.autoconfigure.security.oauth2.client.servlet.OAuth2ClientAutoConfiguration, org.springframework.boot.autoconfigure.security.oauth2.resource.servlet.OAuth2ResourceServerAutoConfiguration, org.springframework.boot.autoconfigure.security.servlet.SecurityAutoConfiguration, org.springframework.boot.autoconfigure.security.servlet.SecurityFilterAutoConfiguration, org.springframework.boot.autoconfigure.security.servlet.UserDetailsServiceAutoConfiguration, org.springframework.boot.test.autoconfigure.web.servlet.MockMvcSecurityConfiguration, org.springframework.boot.test.autoconfigure.web.reactive.WebTestClientAutoConfiguration]], org.springframework.boot.test.context.filter.ExcludeFilterContextCustomizer@7a560583, org.springframework.boot.test.json.DuplicateJsonObjectContextCustomizerFactory$DuplicateJsonObjectContextCustomizer@77a7cf58, org.springframework.boot.test.mock.mockito.MockitoContextCustomizer@c08fafde, org.springframework.boot.test.context.SpringBootTestArgs@1, org.springframework.boot.test.context.SpringBootTestWebEnvironment@0], resourceBasePath = 'src/main/webapp', contextLoader = 'org.springframework.boot.test.context.SpringBootContextLoader', parent = [null]], attributes = map[[empty]]], class annotated with @DirtiesContext [false] with mode [null].

  .   ____          _            __ _ _
 /\\ / ___'_ __ _ _(_)_ __  __ _ \ \ \ \
( ( )\___ | '_ | '_| | '_ \/ _` | \ \ \ \
 \\/  ___)| |_)| | | | | || (_| |  ) ) ) )
  '  |____| .__|_| |_|_| |_\__, | / / / /
 =========|_|==============|___/=/_/_/_/
 :: Spring Boot ::                (v2.7.3)

2022-09-02 12:49:39.220  INFO 87288 --- [    Test worker] c.i.e.AlunoControllerTest                : Starting AlunoControllerTest using Java 17.0.4.1 on DESKTOP-IK2LD13 with PID 87288 (started by derik in C:\projeto\testeshugo\springEscola)
2022-09-02 12:49:39.221  INFO 87288 --- [    Test worker] c.i.e.AlunoControllerTest                : No active profile set, falling back to 1 default profile: "default"
2022-09-02 12:49:40.270  INFO 87288 --- [    Test worker] o.s.b.t.m.w.SpringBootMockServletContext : Initializing Spring TestDispatcherServlet ''
2022-09-02 12:49:40.270  INFO 87288 --- [    Test worker] o.s.t.web.servlet.TestDispatcherServlet  : Initializing Servlet ''
2022-09-02 12:49:40.271  INFO 87288 --- [    Test worker] o.s.t.web.servlet.TestDispatcherServlet  : Completed initialization in 0 ms
2022-09-02 12:49:40.292  INFO 87288 --- [    Test worker] c.i.e.AlunoControllerTest                : Started AlunoControllerTest in 1.286 seconds (JVM running for 2.023)
]]></system-out>
  <system-err><![CDATA[]]></system-err>
</testsuite>
